Sep 12 2020 13:06:28
{"action":"ai1wm_export","options":{"replace":{"old_value":[""],"new_value":[""]}},"ai1wm_manual_export":"1","storage":"k5vrw6gac9jh","file":"1","secret_key":"7GCfG3V8hfvC","priority":5,"archive":"www.kimkstar.com-cloudmeb-20200912-130628-zu3n18.wpress"}

Sep 12 2020 13:06:28
{"action":"ai1wm_export","options":{"replace":{"old_value":[""],"new_value":[""]}},"ai1wm_manual_export":"1","storage":"k5vrw6gac9jh","file":"1","secret_key":"7GCfG3V8hfvC","priority":5,"archive":"www.kimkstar.com-cloudmeb-20200912-130628-zu3n18.wpress"}

Sep 12 2020 13:06:29
{"action":"ai1wm_export","options":{"replace":{"old_value":[""],"new_value":[""]}},"ai1wm_manual_export":"1","storage":"k5vrw6gac9jh","file":"1","secret_key":"7GCfG3V8hfvC","priority":"10","archive":"www.kimkstar.com-cloudmeb-20200912-130628-zu3n18.wpress"}

Sep 12 2020 13:06:29
{"action":"ai1wm_export","options":{"replace":{"old_value":[""],"new_value":[""]}},"ai1wm_manual_export":"1","storage":"k5vrw6gac9jh","file":"1","secret_key":"7GCfG3V8hfvC","priority":"50","archive":"www.kimkstar.com-cloudmeb-20200912-130628-zu3n18.wpress"}

Sep 12 2020 13:06:31
{"action":"ai1wm_export","options":{"replace":{"old_value":[""],"new_value":[""]}},"ai1wm_manual_export":"1","storage":"k5vrw6gac9jh","file":"1","secret_key":"7GCfG3V8hfvC","priority":"60","archive":"www.kimkstar.com-cloudmeb-20200912-130628-zu3n18.wpress"}

Sep 12 2020 13:07:08
{"action":"ai1wm_export","options":{"replace":{"old_value":[""],"new_value":[""]}},"ai1wm_manual_export":"1","storage":"k5vrw6gac9jh","file":"1","secret_key":"7GCfG3V8hfvC","priority":"100","archive":"www.kimkstar.com-cloudmeb-20200912-130628-zu3n18.wpress","total_content_files_count":21046,"total_content_files_size":165618331}

Sep 12 2020 13:07:09
{"action":"ai1wm_export","options":{"replace":{"old_value":[""],"new_value":[""]}},"ai1wm_manual_export":"1","storage":"k5vrw6gac9jh","file":"1","secret_key":"7GCfG3V8hfvC","priority":"110","archive":"www.kimkstar.com-cloudmeb-20200912-130628-zu3n18.wpress","total_content_files_count":"21046","total_content_files_size":"165618331","total_media_files_count":240,"total_media_files_size":19704647}

Sep 12 2020 13:07:20
{"action":"ai1wm_export","options":{"replace":{"old_value":[""],"new_value":[""]}},"ai1wm_manual_export":"1","storage":"k5vrw6gac9jh","file":"1","secret_key":"7GCfG3V8hfvC","priority":"150","archive":"www.kimkstar.com-cloudmeb-20200912-130628-zu3n18.wpress","total_content_files_count":21046,"total_content_files_size":165618331,"total_media_files_count":"240","total_media_files_size":"19704647","archive_bytes_offset":12742673,"file_bytes_offset":0,"content_bytes_offset":13640,"processed_files_size":11686912,"completed":false}

Sep 12 2020 13:07:34
{"action":"ai1wm_export","options":{"replace":{"old_value":[""],"new_value":[""]}},"ai1wm_manual_export":"1","storage":"k5vrw6gac9jh","file":"1","secret_key":"7GCfG3V8hfvC","priority":"150","archive":"www.kimkstar.com-cloudmeb-20200912-130628-zu3n18.wpress","total_content_files_count":21046,"total_content_files_size":165618331,"total_media_files_count":"240","total_media_files_size":"19704647","archive_bytes_offset":25058532,"file_bytes_offset":0,"content_bytes_offset":31778,"processed_files_size":22794719,"completed":false}

Sep 12 2020 13:07:45
{"action":"ai1wm_export","options":{"replace":{"old_value":[""],"new_value":[""]}},"ai1wm_manual_export":"1","storage":"k5vrw6gac9jh","file":"1","secret_key":"7GCfG3V8hfvC","priority":"150","archive":"www.kimkstar.com-cloudmeb-20200912-130628-zu3n18.wpress","total_content_files_count":21046,"total_content_files_size":165618331,"total_media_files_count":"240","total_media_files_size":"19704647","archive_bytes_offset":32211084,"file_bytes_offset":0,"content_bytes_offset":72382,"processed_files_size":27679985,"completed":false}

Sep 12 2020 13:07:56
{"action":"ai1wm_export","options":{"replace":{"old_value":[""],"new_value":[""]}},"ai1wm_manual_export":"1","storage":"k5vrw6gac9jh","file":"1","secret_key":"7GCfG3V8hfvC","priority":"150","archive":"www.kimkstar.com-cloudmeb-20200912-130628-zu3n18.wpress","total_content_files_count":21046,"total_content_files_size":165618331,"total_media_files_count":"240","total_media_files_size":"19704647","archive_bytes_offset":39532189,"file_bytes_offset":0,"content_bytes_offset":127323,"processed_files_size":31245624,"completed":false}

Sep 12 2020 13:08:07
{"action":"ai1wm_export","options":{"replace":{"old_value":[""],"new_value":[""]}},"ai1wm_manual_export":"1","storage":"k5vrw6gac9jh","file":"1","secret_key":"7GCfG3V8hfvC","priority":"150","archive":"www.kimkstar.com-cloudmeb-20200912-130628-zu3n18.wpress","total_content_files_count":21046,"total_content_files_size":165618331,"total_media_files_count":"240","total_media_files_size":"19704647","archive_bytes_offset":44929397,"file_bytes_offset":0,"content_bytes_offset":156294,"processed_files_size":34725706,"completed":false}

Sep 12 2020 13:08:20
{"action":"ai1wm_export","options":{"replace":{"old_value":[""],"new_value":[""]}},"ai1wm_manual_export":"1","storage":"k5vrw6gac9jh","file":"1","secret_key":"7GCfG3V8hfvC","priority":"150","archive":"www.kimkstar.com-cloudmeb-20200912-130628-zu3n18.wpress","total_content_files_count":21046,"total_content_files_size":165618331,"total_media_files_count":"240","total_media_files_size":"19704647","archive_bytes_offset":55624794,"file_bytes_offset":0,"content_bytes_offset":218099,"processed_files_size":41827586,"completed":false}

Sep 12 2020 13:08:31
{"action":"ai1wm_export","options":{"replace":{"old_value":[""],"new_value":[""]}},"ai1wm_manual_export":"1","storage":"k5vrw6gac9jh","file":"1","secret_key":"7GCfG3V8hfvC","priority":"150","archive":"www.kimkstar.com-cloudmeb-20200912-130628-zu3n18.wpress","total_content_files_count":21046,"total_content_files_size":165618331,"total_media_files_count":"240","total_media_files_size":"19704647","archive_bytes_offset":62307995,"file_bytes_offset":0,"content_bytes_offset":231695,"processed_files_size":47525962,"completed":false}

Sep 12 2020 13:08:44
{"action":"ai1wm_export","options":{"replace":{"old_value":[""],"new_value":[""]}},"ai1wm_manual_export":"1","storage":"k5vrw6gac9jh","file":"1","secret_key":"7GCfG3V8hfvC","priority":"150","archive":"www.kimkstar.com-cloudmeb-20200912-130628-zu3n18.wpress","total_content_files_count":21046,"total_content_files_size":165618331,"total_media_files_count":"240","total_media_files_size":"19704647","archive_bytes_offset":68010303,"file_bytes_offset":0,"content_bytes_offset":292384,"processed_files_size":48754976,"completed":false}

Sep 12 2020 13:08:55
{"action":"ai1wm_export","options":{"replace":{"old_value":[""],"new_value":[""]}},"ai1wm_manual_export":"1","storage":"k5vrw6gac9jh","file":"1","secret_key":"7GCfG3V8hfvC","priority":"150","archive":"www.kimkstar.com-cloudmeb-20200912-130628-zu3n18.wpress","total_content_files_count":21046,"total_content_files_size":165618331,"total_media_files_count":"240","total_media_files_size":"19704647","archive_bytes_offset":71571841,"file_bytes_offset":0,"content_bytes_offset":326239,"processed_files_size":49979196,"completed":false}

Sep 12 2020 13:09:07
{"action":"ai1wm_export","options":{"replace":{"old_value":[""],"new_value":[""]}},"ai1wm_manual_export":"1","storage":"k5vrw6gac9jh","file":"1","secret_key":"7GCfG3V8hfvC","priority":"150","archive":"www.kimkstar.com-cloudmeb-20200912-130628-zu3n18.wpress","total_content_files_count":21046,"total_content_files_size":165618331,"total_media_files_count":"240","total_media_files_size":"19704647","archive_bytes_offset":78645087,"file_bytes_offset":0,"content_bytes_offset":349533,"processed_files_size":55489853,"completed":false}

Sep 12 2020 18:31:15
{"action":"ai1wm_export","options":{"replace":{"old_value":[""],"new_value":[""]}},"ai1wm_manual_export":"1","storage":"k5vrw6gac9jh","file":"1","secret_key":"7GCfG3V8hfvC","priority":"150","archive":"www.kimkstar.com-cloudmeb-20200912-130628-zu3n18.wpress","total_content_files_count":21046,"total_content_files_size":165618331,"total_media_files_count":"240","total_media_files_size":"19704647","archive_bytes_offset":76224572,"file_bytes_offset":0,"content_bytes_offset":347731,"processed_files_size":53205025,"completed":false}

Sep 12 2020 18:31:26
{"action":"ai1wm_export","options":{"replace":{"old_value":[""],"new_value":[""]}},"ai1wm_manual_export":"1","storage":"k5vrw6gac9jh","file":"1","secret_key":"7GCfG3V8hfvC","priority":"150","archive":"www.kimkstar.com-cloudmeb-20200912-130628-zu3n18.wpress","total_content_files_count":21046,"total_content_files_size":165618331,"total_media_files_count":"240","total_media_files_size":"19704647","archive_bytes_offset":82973939,"file_bytes_offset":0,"content_bytes_offset":371979,"processed_files_size":58361164,"completed":false}

Sep 12 2020 18:31:38
{"action":"ai1wm_export","options":{"replace":{"old_value":[""],"new_value":[""]}},"ai1wm_manual_export":"1","storage":"k5vrw6gac9jh","file":"1","secret_key":"7GCfG3V8hfvC","priority":"150","archive":"www.kimkstar.com-cloudmeb-20200912-130628-zu3n18.wpress","total_content_files_count":21046,"total_content_files_size":165618331,"total_media_files_count":"240","total_media_files_size":"19704647","archive_bytes_offset":90654231,"file_bytes_offset":0,"content_bytes_offset":439169,"processed_files_size":60902858,"completed":false}

Sep 12 2020 18:31:49
{"action":"ai1wm_export","options":{"replace":{"old_value":[""],"new_value":[""]}},"ai1wm_manual_export":"1","storage":"k5vrw6gac9jh","file":"1","secret_key":"7GCfG3V8hfvC","priority":"150","archive":"www.kimkstar.com-cloudmeb-20200912-130628-zu3n18.wpress","total_content_files_count":21046,"total_content_files_size":165618331,"total_media_files_count":"240","total_media_files_size":"19704647","archive_bytes_offset":99593058,"file_bytes_offset":0,"content_bytes_offset":506033,"processed_files_size":65241458,"completed":false}

Sep 12 2020 18:32:00
{"action":"ai1wm_export","options":{"replace":{"old_value":[""],"new_value":[""]}},"ai1wm_manual_export":"1","storage":"k5vrw6gac9jh","file":"1","secret_key":"7GCfG3V8hfvC","priority":"150","archive":"www.kimkstar.com-cloudmeb-20200912-130628-zu3n18.wpress","total_content_files_count":21046,"total_content_files_size":165618331,"total_media_files_count":"240","total_media_files_size":"19704647","archive_bytes_offset":105147486,"file_bytes_offset":0,"content_bytes_offset":555511,"processed_files_size":67473743,"completed":false}

Sep 12 2020 18:32:12
{"action":"ai1wm_export","options":{"replace":{"old_value":[""],"new_value":[""]}},"ai1wm_manual_export":"1","storage":"k5vrw6gac9jh","file":"1","secret_key":"7GCfG3V8hfvC","priority":"150","archive":"www.kimkstar.com-cloudmeb-20200912-130628-zu3n18.wpress","total_content_files_count":21046,"total_content_files_size":165618331,"total_media_files_count":"240","total_media_files_size":"19704647","archive_bytes_offset":115199632,"file_bytes_offset":0,"content_bytes_offset":626495,"processed_files_size":72667419,"completed":false}

Sep 12 2020 18:32:26
{"action":"ai1wm_export","options":{"replace":{"old_value":[""],"new_value":[""]}},"ai1wm_manual_export":"1","storage":"k5vrw6gac9jh","file":"1","secret_key":"7GCfG3V8hfvC","priority":"150","archive":"www.kimkstar.com-cloudmeb-20200912-130628-zu3n18.wpress","total_content_files_count":21046,"total_content_files_size":165618331,"total_media_files_count":"240","total_media_files_size":"19704647","archive_bytes_offset":122243125,"file_bytes_offset":0,"content_bytes_offset":712310,"processed_files_size":74296563,"completed":false}

Sep 12 2020 18:32:38
{"action":"ai1wm_export","options":{"replace":{"old_value":[""],"new_value":[""]}},"ai1wm_manual_export":"1","storage":"k5vrw6gac9jh","file":"1","secret_key":"7GCfG3V8hfvC","priority":"150","archive":"www.kimkstar.com-cloudmeb-20200912-130628-zu3n18.wpress","total_content_files_count":21046,"total_content_files_size":165618331,"total_media_files_count":"240","total_media_files_size":"19704647","archive_bytes_offset":129114580,"file_bytes_offset":0,"content_bytes_offset":798890,"processed_files_size":76099452,"completed":false}

